[2018-03-06 20:08:19] Executing bootstrap tasks
[2018-03-06 20:08:19] Java(TM) SE Runtime Environment 1.8.0_151-b12
[2018-03-06 20:08:19] Product org.eclipse.products.epp.package.java.neon
[2018-03-06 20:08:19] Bundle org.eclipse.oomph.setup 1.6.0.v20161125-0947, build=2790, branch=33010448bcf5775ec23e485876cbb07a0340b9b5
[2018-03-06 20:08:19] Bundle org.eclipse.oomph.setup.core 1.6.0.v20161128-0928, build=2790, branch=33010448bcf5775ec23e485876cbb07a0340b9b5
[2018-03-06 20:08:19] Bundle org.eclipse.oomph.setup.p2 1.6.0.v20161019-0656, build=2790, branch=33010448bcf5775ec23e485876cbb07a0340b9b5
[2018-03-06 20:08:19] Performing P2 Director (Eclipse IDE for Java Developers (Neon))
[2018-03-06 20:08:19] Offline = false
[2018-03-06 20:08:19] Mirrors = true
[2018-03-06 20:08:19] Resolving 23 requirements from 3 repositories to /home/dj/workspace/eclipse
[2018-03-06 20:08:19] Requirement epp.package.java [4.6.0,4.7.0)
[2018-03-06 20:08:19] Requirement org.eclipse.platform.feature.group [4.6.0,4.7.0)
[2018-03-06 20:08:19] Requirement org.eclipse.rcp.feature.group [4.6.0,4.7.0)
[2018-03-06 20:08:19] Requirement org.eclipse.buildship.feature.group
[2018-03-06 20:08:19] Requirement org.eclipse.egit.feature.group
[2018-03-06 20:08:19] Requirement org.eclipse.egit.mylyn.feature.group
[2018-03-06 20:08:19] Requirement org.eclipse.jdt.feature.group
[2018-03-06 20:08:19] Requirement org.eclipse.jgit.feature.group
[2018-03-06 20:08:19] Requirement org.eclipse.m2e.feature.feature.group
[2018-03-06 20:08:19] Requirement org.eclipse.m2e.logback.feature.feature.group
[2018-03-06 20:08:19] Requirement org.eclipse.mylyn.bugzilla_feature.feature.group
[2018-03-06 20:08:19] Requirement org.eclipse.mylyn.context_feature.feature.group
[2018-03-06 20:08:19] Requirement org.eclipse.mylyn.git.feature.group
[2018-03-06 20:08:19] Requirement org.eclipse.mylyn.hudson.feature.group
[2018-03-06 20:08:19] Requirement org.eclipse.mylyn.ide_feature.feature.group
[2018-03-06 20:08:19] Requirement org.eclipse.mylyn.java_feature.feature.group
[2018-03-06 20:08:19] Requirement org.eclipse.mylyn.wikitext_feature.feature.group
[2018-03-06 20:08:19] Requirement org.eclipse.mylyn_feature.feature.group
[2018-03-06 20:08:19] Requirement org.eclipse.recommenders.mylyn.rcp.feature.feature.group
[2018-03-06 20:08:19] Requirement org.eclipse.recommenders.rcp.feature.feature.group
[2018-03-06 20:08:19] Requirement org.eclipse.recommenders.snipmatch.rcp.feature.feature.group
[2018-03-06 20:08:19] Requirement org.eclipse.wst.xml_ui.feature.feature.group
[2018-03-06 20:08:19] Requirement org.eclipse.oomph.setup.feature.group
[2018-03-06 20:08:19] Repository http://download.eclipse.org/technology/epp/packages/neon
[2018-03-06 20:08:19] Repository http://download.eclipse.org/releases/neon/201705151400
[2018-03-06 20:08:19] Repository http://download.eclipse.org/oomph/updates/milestone/latest
[2018-03-06 20:08:39] ERROR: org.eclipse.equinox.p2.transport.ecf code=1006 Unknown Host: http://download.eclipse.org/oomph/updates/milestone/latest/compositeContent.xml
java.net.UnknownHostException: download.eclipse.org
  at java.net.InetAddress.getAllByName0(InetAddress.java:1280)
  at java.net.InetAddress.getAllByName(InetAddress.java:1192)
  at java.net.InetAddress.getAllByName(InetAddress.java:1126)
  at org.apache.http.impl.conn.SystemDefaultDnsResolver.resolve(SystemDefaultDnsResolver.java:44)
  at org.apache.http.impl.conn.DefaultClientConnectionOperator.resolveHostname(DefaultClientConnectionOperator.java:259)
  at org.apache.http.impl.conn.DefaultClientConnectionOperator.openConnection(DefaultClientConnectionOperator.java:159)
  at org.apache.http.impl.conn.ManagedClientConnectionImpl.open(ManagedClientConnectionImpl.java:304)
  at org.apache.http.impl.client.DefaultRequestDirector.tryConnect(DefaultRequestDirector.java:611)
  at org.apache.http.impl.client.DefaultRequestDirector.execute(DefaultRequestDirector.java:446)
  at org.apache.http.impl.client.AbstractHttpClient.doExecute(AbstractHttpClient.java:863)
  at org.apache.http.impl.client.CloseableHttpClient.execute(CloseableHttpClient.java:82)
  at org.eclipse.ecf.provider.filetransfer.httpclient4.HttpClientFileSystemBrowser.runRequest(HttpClientFileSystemBrowser.java:263)
  at org.eclipse.ecf.provider.filetransfer.browse.AbstractFileSystemBrowser$DirectoryJob.run(AbstractFileSystemBrowser.java:69)
  at org.eclipse.core.internal.jobs.Worker.run(Worker.java:55)

[2018-03-06 20:08:39] 
